all_to_all, hopper009, 1, 0, 1.233039e-07, 1.835938e-08
all_to_all, hopper009, 1, 0, 1.207657e-07, 2.193603e-09
all_to_all, hopper009, 1, 0, 1.208403e-07, 1.979867e-09
all_to_all, hopper009, 1, 0, 1.209600e-07, 2.434294e-09
all_to_all, hopper009, 1, 0, 1.206938e-07, 1.932649e-09
all_to_all, hopper009, 1, 0, 1.206310e-07, 1.156187e-09
all_to_all, hopper009, 1, 0, 1.205228e-07, 1.020995e-09
all_to_all, hopper009, 1, 0, 1.206044e-07, 1.142152e-09
all_to_all, hopper009, 2, 0, 2.327700e-06, 2.217555e-08
all_to_all, hopper009, 2, 0, 2.326273e-06, 1.800516e-08
all_to_all, hopper009, 2, 0, 2.325176e-06, 1.464091e-08
all_to_all, hopper009, 2, 0, 2.332749e-06, 1.528107e-08
all_to_all, hopper009, 2, 0, 2.329478e-06, 1.743491e-08
all_to_all, hopper009, 2, 0, 2.333395e-06, 1.431094e-08
all_to_all, hopper009, 2, 0, 2.323775e-06, 1.599411e-08
all_to_all, hopper009, 2, 0, 2.334962e-06, 1.801045e-08
all_to_all, hopper009, 4, 0, 1.270164e-05, 4.052003e-07
all_to_all, hopper009, 4, 0, 1.259662e-05, 3.266675e-08
all_to_all, hopper009, 4, 0, 1.257492e-05, 6.267328e-08
all_to_all, hopper009, 4, 0, 1.259624e-05, 4.097963e-08
all_to_all, hopper009, 4, 0, 1.255811e-05, 4.859848e-08
all_to_all, hopper009, 4, 0, 1.256301e-05, 2.989982e-08
all_to_all, hopper009, 4, 0, 1.258358e-05, 6.339350e-08
all_to_all, hopper009, 4, 0, 1.259092e-05, 4.275467e-08
all_to_all, hopper009, 6, 0, 2.054740e-05, 5.836321e-07
all_to_all, hopper009, 6, 0, 2.049855e-05, 4.236444e-08
all_to_all, hopper009, 6, 0, 2.048807e-05, 4.372171e-08
all_to_all, hopper009, 6, 0, 2.046783e-05, 4.019482e-08
all_to_all, hopper009, 6, 0, 2.047310e-05, 4.113566e-08
all_to_all, hopper009, 6, 0, 2.045644e-05, 4.312143e-08
all_to_all, hopper009, 6, 0, 2.046847e-05, 4.067676e-08
all_to_all, hopper009, 6, 0, 2.045284e-05, 4.217225e-08
all_to_all, hopper009, 8, 0, 2.850564e-05, 5.001560e-07
all_to_all, hopper009, 8, 0, 2.853329e-05, 8.762835e-08
all_to_all, hopper009, 8, 0, 2.852199e-05, 1.196594e-07
all_to_all, hopper009, 8, 0, 2.850277e-05, 1.209243e-07
all_to_all, hopper009, 8, 0, 2.850612e-05, 1.212590e-07
all_to_all, hopper009, 8, 0, 2.846627e-05, 1.276351e-07
all_to_all, hopper009, 8, 0, 2.847274e-05, 1.212109e-07
all_to_all, hopper009, 8, 0, 2.840920e-05, 7.083587e-08
all_to_all, hopper009, 16, 0, 6.096726e-05, 6.424981e-07
all_to_all, hopper009, 16, 0, 6.048779e-05, 2.550954e-07
all_to_all, hopper009, 16, 0, 6.018806e-05, 3.709016e-07
all_to_all, hopper009, 16, 0, 6.007669e-05, 1.128617e-07
all_to_all, hopper009, 16, 0, 5.993022e-05, 2.489024e-07
all_to_all, hopper009, 16, 0, 6.002118e-05, 1.085911e-07
all_to_all, hopper009, 16, 0, 6.000306e-05, 1.695509e-07
all_to_all, hopper009, 16, 0, 6.005827e-05, 1.538838e-07
all_to_all, hopper009, 24, 1, 9.637032e-05, 2.297864e-06
all_to_all, hopper009, 24, 1, 9.550680e-05, 1.457432e-07
all_to_all, hopper009, 24, 1, 9.533202e-05, 1.446321e-07
all_to_all, hopper009, 24, 1, 9.518289e-05, 1.408007e-07
all_to_all, hopper009, 24, 1, 9.534374e-05, 1.471796e-07
all_to_all, hopper009, 24, 1, 9.528641e-05, 1.447058e-07
all_to_all, hopper009, 24, 1, 9.525727e-05, 1.479795e-07
all_to_all, hopper009, 24, 1, 9.529648e-05, 1.232557e-07
all_to_all, hopper009, 32, 1, 1.426155e-04, 5.642274e-06
all_to_all, hopper009, 32, 1, 1.436425e-04, 6.540547e-07
all_to_all, hopper009, 32, 1, 1.447692e-04, 3.036906e-07
all_to_all, hopper009, 32, 1, 1.457157e-04, 2.116755e-06
all_to_all, hopper009, 32, 1, 1.466577e-04, 4.482393e-07
all_to_all, hopper009, 32, 1, 1.464979e-04, 5.808042e-07
all_to_all, hopper009, 32, 1, 1.438427e-04, 1.296410e-06
all_to_all, hopper009, 32, 1, 1.416893e-04, 2.023144e-07
all_to_all, hopper009, 64, 1, 7.309919e-04, 3.973882e-05
all_to_all, hopper009, 64, 1, 6.419655e-04, 6.342392e-05
all_to_all, hopper009, 64, 1, 6.011273e-04, 4.433572e-06
all_to_all, hopper009, 64, 1, 6.016635e-04, 4.411927e-06
all_to_all, hopper009, 64, 1, 5.988914e-04, 4.448460e-06
all_to_all, hopper009, 64, 1, 6.002678e-04, 4.569452e-06
all_to_all, hopper009, 64, 1, 6.003093e-04, 4.707375e-06
all_to_all, hopper009, 64, 1, 5.989782e-04, 5.195365e-06
count_primes, hopper009, 1, 0, 1.791734e-04, 3.817456e-07
count_primes, hopper009, 1, 0, 1.791197e-04, 5.536182e-08
count_primes, hopper009, 1, 0, 1.791934e-04, 4.190197e-08
count_primes, hopper009, 1, 0, 1.792034e-04, 4.508561e-08
count_primes, hopper009, 1, 0, 1.792039e-04, 4.755176e-08
count_primes, hopper009, 1, 0, 1.792640e-04, 9.894890e-08
count_primes, hopper009, 1, 0, 1.793677e-04, 3.527476e-08
count_primes, hopper009, 1, 0, 1.793724e-04, 3.101971e-08
count_primes, hopper009, 2, 0, 1.798069e-04, 7.265048e-07
count_primes, hopper009, 2, 0, 1.798637e-04, 6.621823e-08
count_primes, hopper009, 2, 0, 1.799763e-04, 3.484629e-08
count_primes, hopper009, 2, 0, 1.799912e-04, 9.344727e-08
count_primes, hopper009, 2, 0, 1.799930e-04, 9.443254e-08
count_primes, hopper009, 2, 0, 1.799880e-04, 3.420801e-08
count_primes, hopper009, 2, 0, 1.799956e-04, 2.657891e-08
count_primes, hopper009, 2, 0, 1.799777e-04, 4.074764e-08
count_primes, hopper009, 4, 0, 1.810352e-04, 1.104836e-06
count_primes, hopper009, 4, 0, 1.808592e-04, 3.031555e-08
count_primes, hopper009, 4, 0, 1.808949e-04, 2.301383e-08
count_primes, hopper009, 4, 0, 1.808862e-04, 2.684113e-08
count_primes, hopper009, 4, 0, 1.808763e-04, 2.978960e-08
count_primes, hopper009, 4, 0, 1.808911e-04, 3.051020e-08
count_primes, hopper009, 4, 0, 1.808971e-04, 2.612754e-08
count_primes, hopper009, 4, 0, 1.808952e-04, 2.591969e-08
count_primes, hopper009, 6, 0, 1.811905e-04, 9.579006e-07
count_primes, hopper009, 6, 0, 1.811448e-04, 7.446896e-08
count_primes, hopper009, 6, 0, 1.811478e-04, 2.951805e-08
count_primes, hopper009, 6, 0, 1.810915e-04, 4.641410e-08
count_primes, hopper009, 6, 0, 1.810824e-04, 3.320816e-08
count_primes, hopper009, 6, 0, 1.810901e-04, 2.644717e-08
count_primes, hopper009, 6, 0, 1.810909e-04, 2.370217e-08
count_primes, hopper009, 6, 0, 1.810892e-04, 2.387554e-08
count_primes, hopper009, 8, 0, 1.814180e-04, 1.057498e-06
count_primes, hopper009, 8, 0, 1.813021e-04, 3.146767e-08
count_primes, hopper009, 8, 0, 1.812457e-04, 8.619980e-08
count_primes, hopper009, 8, 0, 1.812063e-04, 3.075793e-08
count_primes, hopper009, 8, 0, 1.812088e-04, 3.342114e-08
count_primes, hopper009, 8, 0, 1.812311e-04, 3.253289e-07
count_primes, hopper009, 8, 0, 1.811986e-04, 1.449621e-07
count_primes, hopper009, 8, 0, 1.811971e-04, 3.263110e-08
count_primes, hopper009, 16, 0, 1.816787e-04, 9.761661e-07
count_primes, hopper009, 16, 0, 1.816566e-04, 4.566468e-08
count_primes, hopper009, 16, 0, 1.817162e-04, 4.405783e-08
count_primes, hopper009, 16, 0, 1.817712e-04, 4.081660e-08
count_primes, hopper009, 16, 0, 1.817961e-04, 5.887988e-08
count_primes, hopper009, 16, 0, 1.818531e-04, 4.764424e-08
count_primes, hopper009, 16, 0, 1.818588e-04, 4.651028e-08
count_primes, hopper009, 16, 0, 1.818547e-04, 4.631347e-08
count_primes, hopper009, 24, 1, 1.830924e-04, 3.016429e-06
count_primes, hopper009, 24, 1, 1.828081e-04, 2.365950e-06
count_primes, hopper009, 24, 1, 1.834362e-04, 5.638818e-07
count_primes, hopper009, 24, 1, 1.834493e-04, 6.356221e-07
count_primes, hopper009, 24, 1, 1.827240e-04, 5.283770e-07
count_primes, hopper009, 24, 1, 1.825852e-04, 1.249347e-07
count_primes, hopper009, 24, 1, 1.825459e-04, 5.140509e-08
count_primes, hopper009, 24, 1, 1.825814e-04, 1.532877e-07
count_primes, hopper009, 32, 1, 1.962518e-04, 1.792155e-05
count_primes, hopper009, 32, 1, 1.943186e-04, 9.475221e-07
count_primes, hopper009, 32, 1, 1.934296e-04, 1.215243e-06
count_primes, hopper009, 32, 1, 1.907577e-04, 9.097731e-07
count_primes, hopper009, 32, 1, 1.903160e-04, 3.411722e-07
count_primes, hopper009, 32, 1, 1.915085e-04, 3.264600e-07
count_primes, hopper009, 32, 1, 1.923062e-04, 3.032827e-07
count_primes, hopper009, 32, 1, 1.923204e-04, 1.395416e-07
count_primes, hopper009, 64, 1, 5.642467e-04, 3.986121e-05
count_primes, hopper009, 64, 1, 5.549611e-04, 3.556346e-06
count_primes, hopper009, 64, 1, 5.585325e-04, 3.826259e-06
count_primes, hopper009, 64, 1, 5.533455e-04, 4.257607e-06
count_primes, hopper009, 64, 1, 5.575847e-04, 2.966028e-06
count_primes, hopper009, 64, 1, 5.523818e-04, 3.403383e-06
count_primes, hopper009, 64, 1, 5.575767e-04, 3.313071e-06
count_primes, hopper009, 64, 1, 5.525938e-04, 3.191911e-06
count_primes, hopper009, 128, 1, 1.267154e-03, 7.028879e-05
count_primes, hopper009, 128, 1, 1.258835e-03, 1.564968e-05
count_primes, hopper009, 128, 1, 1.265784e-03, 9.990861e-06
count_primes, hopper009, 128, 1, 1.263411e-03, 1.167872e-05
count_primes, hopper009, 128, 1, 1.256720e-03, 1.149393e-05
count_primes, hopper009, 128, 1, 1.257745e-03, 1.258819e-05
count_primes, hopper009, 128, 1, 1.258324e-03, 1.030425e-05
count_primes, hopper009, 128, 1, 1.255769e-03, 1.180965e-05
