all_to_all, xena-test.xena.alliance.unm.edu, 1, 0, 1.409233e-07, 3.353011e-09
all_to_all, xena-test.xena.alliance.unm.edu, 1, 0, 1.405404e-07, 1.740584e-09
all_to_all, xena-test.xena.alliance.unm.edu, 1, 0, 1.405385e-07, 1.449365e-09
all_to_all, xena-test.xena.alliance.unm.edu, 1, 0, 1.404631e-07, 9.258543e-10
all_to_all, xena-test.xena.alliance.unm.edu, 1, 0, 1.404141e-07, 6.500628e-10
all_to_all, xena-test.xena.alliance.unm.edu, 1, 0, 1.404549e-07, 7.306644e-10
all_to_all, xena-test.xena.alliance.unm.edu, 1, 0, 1.403974e-07, 5.605885e-10
all_to_all, xena-test.xena.alliance.unm.edu, 1, 0, 1.403895e-07, 5.600589e-10
count_primes, xena-test.xena.alliance.unm.edu, 1, 0, 1.803592e-04, 5.895137e-07
count_primes, xena-test.xena.alliance.unm.edu, 1, 0, 1.809320e-04, 2.231338e-07
count_primes, xena-test.xena.alliance.unm.edu, 1, 0, 1.809171e-04, 2.525403e-07
count_primes, xena-test.xena.alliance.unm.edu, 1, 0, 1.808817e-04, 1.949586e-07
count_primes, xena-test.xena.alliance.unm.edu, 1, 0, 1.808839e-04, 2.238642e-07
count_primes, xena-test.xena.alliance.unm.edu, 1, 0, 1.808940e-04, 2.316641e-07
count_primes, xena-test.xena.alliance.unm.edu, 1, 0, 1.807912e-04, 4.085825e-07
count_primes, xena-test.xena.alliance.unm.edu, 1, 0, 1.806779e-04, 5.777290e-07
all_to_all, xena-test.xena.alliance.unm.edu, 2, 0, 1.220751e-06, 2.819323e-08
all_to_all, xena-test.xena.alliance.unm.edu, 2, 0, 1.226478e-06, 1.222663e-08
all_to_all, xena-test.xena.alliance.unm.edu, 2, 0, 1.226312e-06, 5.934417e-09
all_to_all, xena-test.xena.alliance.unm.edu, 2, 0, 1.207969e-06, 5.547809e-09
all_to_all, xena-test.xena.alliance.unm.edu, 2, 0, 1.206424e-06, 3.114690e-09
all_to_all, xena-test.xena.alliance.unm.edu, 2, 0, 1.208490e-06, 8.425593e-09
all_to_all, xena-test.xena.alliance.unm.edu, 2, 0, 1.239323e-06, 2.872773e-08
all_to_all, xena-test.xena.alliance.unm.edu, 2, 0, 1.240218e-06, 5.462124e-09
count_primes, xena-test.xena.alliance.unm.edu, 2, 0, 1.821267e-04, 1.740253e-07
count_primes, xena-test.xena.alliance.unm.edu, 2, 0, 1.821652e-04, 1.810639e-07
count_primes, xena-test.xena.alliance.unm.edu, 2, 0, 1.818160e-04, 2.439738e-07
count_primes, xena-test.xena.alliance.unm.edu, 2, 0, 1.816599e-04, 2.157603e-07
count_primes, xena-test.xena.alliance.unm.edu, 2, 0, 1.817863e-04, 2.403385e-07
count_primes, xena-test.xena.alliance.unm.edu, 2, 0, 1.820284e-04, 1.312912e-07
count_primes, xena-test.xena.alliance.unm.edu, 2, 0, 1.819232e-04, 1.625928e-07
count_primes, xena-test.xena.alliance.unm.edu, 2, 0, 1.818453e-04, 1.459735e-07
all_to_all, xena-test.xena.alliance.unm.edu, 4, 0, 5.943226e-06, 7.000677e-08
all_to_all, xena-test.xena.alliance.unm.edu, 4, 0, 5.936906e-06, 4.029682e-08
all_to_all, xena-test.xena.alliance.unm.edu, 4, 0, 5.948461e-06, 2.833018e-08
all_to_all, xena-test.xena.alliance.unm.edu, 4, 0, 5.947575e-06, 2.858291e-08
all_to_all, xena-test.xena.alliance.unm.edu, 4, 0, 5.950508e-06, 3.958764e-08
all_to_all, xena-test.xena.alliance.unm.edu, 4, 0, 5.947315e-06, 2.777717e-08
all_to_all, xena-test.xena.alliance.unm.edu, 4, 0, 5.947943e-06, 2.925811e-08
all_to_all, xena-test.xena.alliance.unm.edu, 4, 0, 5.939800e-06, 2.960720e-08
count_primes, xena-test.xena.alliance.unm.edu, 4, 0, 1.854846e-04, 1.495586e-06
count_primes, xena-test.xena.alliance.unm.edu, 4, 0, 1.851002e-04, 1.498353e-07
count_primes, xena-test.xena.alliance.unm.edu, 4, 0, 1.849074e-04, 1.602568e-07
count_primes, xena-test.xena.alliance.unm.edu, 4, 0, 1.851456e-04, 2.178122e-06
count_primes, xena-test.xena.alliance.unm.edu, 4, 0, 1.847671e-04, 1.365752e-07
count_primes, xena-test.xena.alliance.unm.edu, 4, 0, 1.848231e-04, 3.109924e-07
count_primes, xena-test.xena.alliance.unm.edu, 4, 0, 1.848042e-04, 1.869921e-07
count_primes, xena-test.xena.alliance.unm.edu, 4, 0, 1.848211e-04, 1.648716e-07
all_to_all, xena-test.xena.alliance.unm.edu, 8, 0, 1.399878e-05, 3.129576e-07
all_to_all, xena-test.xena.alliance.unm.edu, 8, 0, 1.361561e-05, 9.091319e-08
all_to_all, xena-test.xena.alliance.unm.edu, 8, 0, 1.378902e-05, 7.681676e-08
all_to_all, xena-test.xena.alliance.unm.edu, 8, 0, 1.380234e-05, 6.840491e-08
all_to_all, xena-test.xena.alliance.unm.edu, 8, 0, 1.381832e-05, 4.244708e-08
all_to_all, xena-test.xena.alliance.unm.edu, 8, 0, 1.375051e-05, 5.179916e-08
all_to_all, xena-test.xena.alliance.unm.edu, 8, 0, 1.383886e-05, 5.576967e-08
all_to_all, xena-test.xena.alliance.unm.edu, 8, 0, 1.399832e-05, 9.732825e-08
count_primes, xena-test.xena.alliance.unm.edu, 8, 0, 2.033569e-04, 5.434425e-07
count_primes, xena-test.xena.alliance.unm.edu, 8, 0, 2.030804e-04, 2.471802e-07
count_primes, xena-test.xena.alliance.unm.edu, 8, 0, 2.029355e-04, 1.324853e-07
count_primes, xena-test.xena.alliance.unm.edu, 8, 0, 2.028758e-04, 1.974645e-07
count_primes, xena-test.xena.alliance.unm.edu, 8, 0, 2.028681e-04, 1.793851e-07
count_primes, xena-test.xena.alliance.unm.edu, 8, 0, 2.028835e-04, 1.811972e-07
count_primes, xena-test.xena.alliance.unm.edu, 8, 0, 2.028998e-04, 1.882029e-07
count_primes, xena-test.xena.alliance.unm.edu, 8, 0, 2.031590e-04, 2.518223e-07
all_to_all, xena-test.xena.alliance.unm.edu, 16, 1, 7.008681e-05, 3.973948e-06
all_to_all, xena-test.xena.alliance.unm.edu, 16, 1, 6.887391e-05, 7.342007e-07
all_to_all, xena-test.xena.alliance.unm.edu, 16, 1, 6.894225e-05, 8.599111e-07
all_to_all, xena-test.xena.alliance.unm.edu, 16, 1, 6.869319e-05, 7.340611e-07
all_to_all, xena-test.xena.alliance.unm.edu, 16, 1, 6.874507e-05, 7.699033e-07
all_to_all, xena-test.xena.alliance.unm.edu, 16, 1, 6.883529e-05, 7.388515e-07
all_to_all, xena-test.xena.alliance.unm.edu, 16, 1, 6.875810e-05, 7.464979e-07
all_to_all, xena-test.xena.alliance.unm.edu, 16, 1, 6.863395e-05, 7.973696e-07
count_primes, xena-test.xena.alliance.unm.edu, 16, 1, 6.415920e-04, 5.088678e-06
count_primes, xena-test.xena.alliance.unm.edu, 16, 1, 6.401751e-04, 1.319357e-06
count_primes, xena-test.xena.alliance.unm.edu, 16, 1, 6.399680e-04, 1.027978e-06
count_primes, xena-test.xena.alliance.unm.edu, 16, 1, 6.400663e-04, 1.187256e-06
count_primes, xena-test.xena.alliance.unm.edu, 16, 1, 6.400453e-04, 9.657429e-07
count_primes, xena-test.xena.alliance.unm.edu, 16, 1, 6.413652e-04, 4.057672e-06
count_primes, xena-test.xena.alliance.unm.edu, 16, 1, 6.404260e-04, 1.091783e-06
count_primes, xena-test.xena.alliance.unm.edu, 16, 1, 6.401177e-04, 1.131752e-06
all_to_all, xena-test.xena.alliance.unm.edu, 32, 1, 2.989342e-04, 7.938760e-06
all_to_all, xena-test.xena.alliance.unm.edu, 32, 1, 2.988009e-04, 2.980024e-06
all_to_all, xena-test.xena.alliance.unm.edu, 32, 1, 2.987918e-04, 2.892149e-06
all_to_all, xena-test.xena.alliance.unm.edu, 32, 1, 2.471208e-04, 2.257209e-05
all_to_all, xena-test.xena.alliance.unm.edu, 32, 1, 2.368515e-04, 2.549700e-06
all_to_all, xena-test.xena.alliance.unm.edu, 32, 1, 2.372775e-04, 2.816275e-06
all_to_all, xena-test.xena.alliance.unm.edu, 32, 1, 2.516501e-04, 1.226281e-05
all_to_all, xena-test.xena.alliance.unm.edu, 32, 1, 2.614385e-04, 2.195041e-06
count_primes, xena-test.xena.alliance.unm.edu, 32, 1, 1.425370e-03, 1.013991e-04
count_primes, xena-test.xena.alliance.unm.edu, 32, 1, 1.515365e-03, 2.490706e-06
count_primes, xena-test.xena.alliance.unm.edu, 32, 1, 1.512599e-03, 3.810406e-06
count_primes, xena-test.xena.alliance.unm.edu, 32, 1, 1.513947e-03, 5.223058e-06
count_primes, xena-test.xena.alliance.unm.edu, 32, 1, 1.511123e-03, 3.508966e-06
count_primes, xena-test.xena.alliance.unm.edu, 32, 1, 1.515539e-03, 7.774216e-06
count_primes, xena-test.xena.alliance.unm.edu, 32, 1, 1.514715e-03, 3.930467e-06
count_primes, xena-test.xena.alliance.unm.edu, 32, 1, 1.518405e-03, 3.134229e-06
count_primes, xena-test.xena.alliance.unm.edu, 64, 1, 3.129925e-03, 8.161786e-05
count_primes, xena-test.xena.alliance.unm.edu, 64, 1, 3.160672e-03, 3.025815e-05
count_primes, xena-test.xena.alliance.unm.edu, 64, 1, 3.501657e-03, 1.436432e-04
count_primes, xena-test.xena.alliance.unm.edu, 64, 1, 3.642741e-03, 1.672028e-05
count_primes, xena-test.xena.alliance.unm.edu, 64, 1, 3.334255e-03, 3.313509e-04
count_primes, xena-test.xena.alliance.unm.edu, 64, 1, 2.607129e-03, 1.026577e-04
count_primes, xena-test.xena.alliance.unm.edu, 64, 1, 2.749542e-03, 3.052070e-05
count_primes, xena-test.xena.alliance.unm.edu, 64, 1, 2.759074e-03, 3.567044e-05
count_primes, xena-test.xena.alliance.unm.edu, 128, 1, 6.182068e-03, 1.762247e-04
count_primes, xena-test.xena.alliance.unm.edu, 128, 1, 6.189843e-03, 8.690318e-05
count_primes, xena-test.xena.alliance.unm.edu, 128, 1, 6.097601e-03, 3.045061e-04
count_primes, xena-test.xena.alliance.unm.edu, 128, 1, 6.528639e-03, 5.605123e-04
count_primes, xena-test.xena.alliance.unm.edu, 128, 1, 5.939232e-03, 4.886338e-04
count_primes, xena-test.xena.alliance.unm.edu, 128, 1, 5.861287e-03, 3.079567e-04
count_primes, xena-test.xena.alliance.unm.edu, 128, 1, 5.975663e-03, 1.233305e-04
count_primes, xena-test.xena.alliance.unm.edu, 128, 1, 6.122836e-03, 3.142675e-04

