all_to_all, wheeler282.alliance.unm.edu, 1, 0, 2.401918e-07, 1.719563e-08
all_to_all, wheeler282.alliance.unm.edu, 1, 0, 2.103282e-07, 8.877257e-09
all_to_all, wheeler282.alliance.unm.edu, 1, 0, 1.927559e-07, 5.243941e-09
all_to_all, wheeler282.alliance.unm.edu, 1, 0, 1.796831e-07, 4.609884e-09
all_to_all, wheeler282.alliance.unm.edu, 1, 0, 1.703051e-07, 7.349339e-09
all_to_all, wheeler282.alliance.unm.edu, 1, 0, 1.550576e-07, 1.212344e-08
all_to_all, wheeler282.alliance.unm.edu, 1, 0, 1.428163e-07, 9.892551e-10
all_to_all, wheeler282.alliance.unm.edu, 1, 0, 1.428049e-07, 1.465937e-09
count_primes, wheeler282.alliance.unm.edu, 1, 0, 2.226880e-04, 8.379851e-07
count_primes, wheeler282.alliance.unm.edu, 1, 0, 2.226595e-04, 4.439894e-07
count_primes, wheeler282.alliance.unm.edu, 1, 0, 2.226316e-04, 4.427100e-07
count_primes, wheeler282.alliance.unm.edu, 1, 0, 2.226079e-04, 4.592148e-07
count_primes, wheeler282.alliance.unm.edu, 1, 0, 2.227284e-04, 6.156127e-07
count_primes, wheeler282.alliance.unm.edu, 1, 0, 2.226923e-04, 5.073200e-07
count_primes, wheeler282.alliance.unm.edu, 1, 0, 2.226821e-04, 4.811550e-07
count_primes, wheeler282.alliance.unm.edu, 1, 0, 2.226783e-04, 4.639373e-07
all_to_all, wheeler282.alliance.unm.edu, 2, 0, 2.328473e-06, 7.142435e-08
all_to_all, wheeler282.alliance.unm.edu, 2, 0, 2.338974e-06, 6.291970e-08
all_to_all, wheeler282.alliance.unm.edu, 2, 0, 2.386458e-06, 1.047218e-07
all_to_all, wheeler282.alliance.unm.edu, 2, 0, 2.371504e-06, 1.110916e-07
all_to_all, wheeler282.alliance.unm.edu, 2, 0, 2.396966e-06, 1.022599e-07
all_to_all, wheeler282.alliance.unm.edu, 2, 0, 2.386993e-06, 9.719380e-08
all_to_all, wheeler282.alliance.unm.edu, 2, 0, 2.381828e-06, 9.635364e-08
all_to_all, wheeler282.alliance.unm.edu, 2, 0, 2.357040e-06, 7.268816e-08
count_primes, wheeler282.alliance.unm.edu, 2, 0, 2.365300e-04, 2.007699e-06
count_primes, wheeler282.alliance.unm.edu, 2, 0, 2.362041e-04, 2.246152e-06
count_primes, wheeler282.alliance.unm.edu, 2, 0, 2.362743e-04, 2.919679e-06
count_primes, wheeler282.alliance.unm.edu, 2, 0, 2.348381e-04, 2.470069e-06
count_primes, wheeler282.alliance.unm.edu, 2, 0, 2.378883e-04, 2.489049e-06
count_primes, wheeler282.alliance.unm.edu, 2, 0, 2.369002e-04, 3.561347e-06
count_primes, wheeler282.alliance.unm.edu, 2, 0, 2.368157e-04, 2.399211e-06
count_primes, wheeler282.alliance.unm.edu, 2, 0, 2.369504e-04, 3.325583e-06
all_to_all, wheeler282.alliance.unm.edu, 4, 0, 1.133127e-05, 3.676189e-07
all_to_all, wheeler282.alliance.unm.edu, 4, 0, 1.121237e-05, 9.766622e-08
all_to_all, wheeler282.alliance.unm.edu, 4, 0, 1.128644e-05, 1.122521e-07
all_to_all, wheeler282.alliance.unm.edu, 4, 0, 1.122603e-05, 1.338630e-07
all_to_all, wheeler282.alliance.unm.edu, 4, 0, 1.122199e-05, 1.094480e-07
all_to_all, wheeler282.alliance.unm.edu, 4, 0, 1.120267e-05, 8.195185e-08
all_to_all, wheeler282.alliance.unm.edu, 4, 0, 1.117731e-05, 1.361908e-07
all_to_all, wheeler282.alliance.unm.edu, 4, 0, 1.119431e-05, 7.785366e-08
count_primes, wheeler282.alliance.unm.edu, 4, 0, 2.329617e-04, 3.716791e-06
count_primes, wheeler282.alliance.unm.edu, 4, 0, 2.323507e-04, 1.605740e-06
count_primes, wheeler282.alliance.unm.edu, 4, 0, 2.320884e-04, 1.854626e-06
count_primes, wheeler282.alliance.unm.edu, 4, 0, 2.330053e-04, 1.518996e-06
count_primes, wheeler282.alliance.unm.edu, 4, 0, 2.334451e-04, 1.450423e-06
count_primes, wheeler282.alliance.unm.edu, 4, 0, 2.321901e-04, 1.473877e-06
count_primes, wheeler282.alliance.unm.edu, 4, 0, 2.330009e-04, 1.488108e-06
count_primes, wheeler282.alliance.unm.edu, 4, 0, 2.318517e-04, 1.605087e-06
all_to_all, wheeler282.alliance.unm.edu, 8, 0, 2.809044e-05, 2.167917e-07
all_to_all, wheeler282.alliance.unm.edu, 8, 0, 2.805582e-05, 8.331556e-08
all_to_all, wheeler282.alliance.unm.edu, 8, 0, 2.807857e-05, 1.094685e-07
all_to_all, wheeler282.alliance.unm.edu, 8, 0, 2.809204e-05, 1.228301e-07
all_to_all, wheeler282.alliance.unm.edu, 8, 0, 2.805541e-05, 1.069364e-07
all_to_all, wheeler282.alliance.unm.edu, 8, 0, 2.806165e-05, 4.577474e-08
all_to_all, wheeler282.alliance.unm.edu, 8, 0, 2.809509e-05, 1.164156e-07
all_to_all, wheeler282.alliance.unm.edu, 8, 0, 2.809551e-05, 1.275550e-07
count_primes, wheeler282.alliance.unm.edu, 8, 0, 2.359773e-04, 1.906498e-06
count_primes, wheeler282.alliance.unm.edu, 8, 0, 2.356410e-04, 3.506648e-07
count_primes, wheeler282.alliance.unm.edu, 8, 0, 2.355977e-04, 3.559405e-07
count_primes, wheeler282.alliance.unm.edu, 8, 0, 2.356048e-04, 3.338467e-07
count_primes, wheeler282.alliance.unm.edu, 8, 0, 2.356144e-04, 3.244509e-07
count_primes, wheeler282.alliance.unm.edu, 8, 0, 2.356752e-04, 3.209910e-07
count_primes, wheeler282.alliance.unm.edu, 8, 0, 2.356433e-04, 3.255087e-07
count_primes, wheeler282.alliance.unm.edu, 8, 0, 2.356128e-04, 3.521247e-07
all_to_all, wheeler282.alliance.unm.edu, 32, 1, 7.164312e-04, 2.392720e-05
all_to_all, wheeler282.alliance.unm.edu, 32, 1, 7.113614e-04, 1.379291e-05
all_to_all, wheeler282.alliance.unm.edu, 32, 1, 7.128282e-04, 1.605938e-05
all_to_all, wheeler282.alliance.unm.edu, 32, 1, 7.128394e-04, 1.558679e-05
all_to_all, wheeler282.alliance.unm.edu, 32, 1, 7.132306e-04, 2.086626e-05
all_to_all, wheeler282.alliance.unm.edu, 32, 1, 7.140719e-04, 1.572074e-05
all_to_all, wheeler282.alliance.unm.edu, 32, 1, 7.112561e-04, 1.556805e-05
all_to_all, wheeler282.alliance.unm.edu, 32, 1, 7.120689e-04, 1.558908e-05
count_primes, wheeler282.alliance.unm.edu, 32, 1, 1.415914e-03, 5.727525e-05
count_primes, wheeler282.alliance.unm.edu, 32, 1, 1.409134e-03, 4.720749e-05
count_primes, wheeler282.alliance.unm.edu, 32, 1, 1.417120e-03, 4.438031e-05
count_primes, wheeler282.alliance.unm.edu, 32, 1, 1.423057e-03, 5.393073e-05
count_primes, wheeler282.alliance.unm.edu, 32, 1, 1.430033e-03, 6.299652e-05
count_primes, wheeler282.alliance.unm.edu, 32, 1, 1.429353e-03, 5.450844e-05
count_primes, wheeler282.alliance.unm.edu, 32, 1, 1.402854e-03, 4.351025e-05
count_primes, wheeler282.alliance.unm.edu, 32, 1, 1.427578e-03, 5.841662e-05
count_primes, wheeler282.alliance.unm.edu, 64, 1, 2.567872e-03, 2.140572e-05
count_primes, wheeler282.alliance.unm.edu, 64, 1, 2.602899e-03, 3.189889e-05
count_primes, wheeler282.alliance.unm.edu, 64, 1, 2.652431e-03, 2.411098e-05
count_primes, wheeler282.alliance.unm.edu, 64, 1, 2.658480e-03, 1.720064e-05
count_primes, wheeler282.alliance.unm.edu, 64, 1, 2.654519e-03, 1.830740e-05
count_primes, wheeler282.alliance.unm.edu, 64, 1, 2.656361e-03, 1.764042e-05
count_primes, wheeler282.alliance.unm.edu, 64, 1, 2.657102e-03, 1.996371e-05
count_primes, wheeler282.alliance.unm.edu, 64, 1, 2.655794e-03, 2.013250e-05
count_primes, wheeler282.alliance.unm.edu, 128, 1, 4.893620e-03, 1.005122e-04
count_primes, wheeler282.alliance.unm.edu, 128, 1, 4.917992e-03, 1.101780e-04
count_primes, wheeler282.alliance.unm.edu, 128, 1, 4.773861e-03, 5.570476e-05
count_primes, wheeler282.alliance.unm.edu, 128, 1, 4.799463e-03, 5.448354e-05
count_primes, wheeler282.alliance.unm.edu, 128, 1, 4.941802e-03, 8.741607e-05
count_primes, wheeler282.alliance.unm.edu, 128, 1, 5.005583e-03, 1.107675e-04
count_primes, wheeler282.alliance.unm.edu, 128, 1, 5.066592e-03, 1.977698e-04
count_primes, wheeler282.alliance.unm.edu, 128, 1, 5.573704e-03, 6.800740e-05
